<?xml version="1.0" encoding="UTF-8"?>
<testsuite name="com.example.espoints.tile.TacticalMapImageScalerTest" tests="2" skipped="0" failures="0" errors="0" timestamp="2026-07-29T18:59:01" hostname="cachyos-x8664" time="0.034">
  <properties/>
  <testcase name="p2CacheKeyCannotReuseLegacyCompleteMarkerDirectory()" classname="com.example.espoints.tile.TacticalMapImageScalerTest" time="0.002"/>
  <testcase name="bicubicPyramidScalingAddsOnlyMildEdgeSharpening()" classname="com.example.espoints.tile.TacticalMapImageScalerTest" time="0.031"/>
  <system-out><![CDATA[]]></system-out>
  <system-err><![CDATA[]]></system-err>
</testsuite>
