<?xml version="1.0" encoding="UTF-8"?>
<testsuite name="com.example.espoints.tile.TacticalMapImageScalerTest" tests="2" skipped="0" failures="0" errors="0" timestamp="2026-08-28T10:27:55" hostname="cachyos-x8664" time="0.056">
  <properties/>
  <testcase name="p3CacheKeyCannotReuseLegacyCompleteMarkerDirectory()" classname="com.example.espoints.tile.TacticalMapImageScalerTest" time="0.003"/>
  <testcase name="bicubicPyramidScalingAddsOnlyMildEdgeSharpening()" classname="com.example.espoints.tile.TacticalMapImageScalerTest" time="0.053"/>
  <system-out><![CDATA[]]></system-out>
  <system-err><![CDATA[]]></system-err>
</testsuite>
