<?xml version="1.0" encoding="UTF-8"?>
<testsuite name="com.example.espoints.client.ClientBattleStateLifecycleTest" tests="2" skipped="0" failures="0" errors="0" timestamp="2026-08-28T10:27:55" hostname="cachyos-x8664" time="0.355">
  <properties/>
  <testcase name="reusesStablePointObjectsWithoutConsultingIntegratedServerState()" classname="com.example.espoints.client.ClientBattleStateLifecycleTest" time="0.347"/>
  <testcase name="fiftyRoundActivateAndDoubleClearLeavesNoClientState()" classname="com.example.espoints.client.ClientBattleStateLifecycleTest" time="0.008"/>
  <system-out><![CDATA[2026-08-28 18:27:55,300 Test worker WARN Advanced terminal features are not available in this environment
]]></system-out>
  <system-err><![CDATA[]]></system-err>
</testsuite>
