<?xml version="1.0" encoding="UTF-8"?>
<testsuite name="com.example.espoints.tile.TacticalMapTileAtlasLayoutTest" tests="2" skipped="0" failures="0" errors="0" timestamp="2026-08-28T10:27:55" hostname="cachyos-x8664" time="0.004">
  <properties/>
  <testcase name="rejectsANonRectangularOrHugeSet()" classname="com.example.espoints.tile.TacticalMapTileAtlasLayoutTest" time="0.001"/>
  <testcase name="stampsNeighbourTilesWithoutAPixelGap()" classname="com.example.espoints.tile.TacticalMapTileAtlasLayoutTest" time="0.003"/>
  <system-out><![CDATA[]]></system-out>
  <system-err><![CDATA[]]></system-err>
</testsuite>
