<?xml version="1.0" encoding="UTF-8"?>
<testsuite name="com.example.espoints.tile.TileTransferLimiterTest" tests="3" skipped="0" failures="0" errors="0" timestamp="2026-07-29T18:59:01" hostname="cachyos-x8664" time="0.004">
  <properties/>
  <testcase name="permitsBoundedLargeTileBurstThenEnforcesConfiguredAverage()" classname="com.example.espoints.tile.TileTransferLimiterTest" time="0.001"/>
  <testcase name="rejectsPayloadLargerThanBoundedBurst()" classname="com.example.espoints.tile.TileTransferLimiterTest" time="0.0"/>
  <testcase name="oneHundredSubscribersRemainBoundByOriginalGlobalTokenBucket()" classname="com.example.espoints.tile.TileTransferLimiterTest" time="0.002"/>
  <system-out><![CDATA[]]></system-out>
  <system-err><![CDATA[]]></system-err>
</testsuite>
