<?xml version="1.0" encoding="UTF-8"?>
<testsuite name="com.example.espoints.objective.ObjectiveLayoutTest" tests="5" skipped="0" failures="0" errors="0" timestamp="2026-08-28T10:27:55" hostname="cachyos-x8664" time="0.013">
  <properties/>
  <testcase name="rejectsUnknownAndRepeatedLaneReferences()" classname="com.example.espoints.objective.ObjectiveLayoutTest" time="0.003"/>
  <testcase name="legacyCapturePointsRemainAasCompatible()" classname="com.example.espoints.objective.ObjectiveLayoutTest" time="0.001"/>
  <testcase name="raasSelectionAssignsStageBatchesAndIncludesAllStagePoints()" classname="com.example.espoints.objective.ObjectiveLayoutTest" time="0.005"/>
  <testcase name="rejectsInvalidNamesAndLaneIds()" classname="com.example.espoints.objective.ObjectiveLayoutTest" time="0.002"/>
  <testcase name="rejectsRandomMode()" classname="com.example.espoints.objective.ObjectiveLayoutTest" time="0.001"/>
  <system-out><![CDATA[]]></system-out>
  <system-err><![CDATA[]]></system-err>
</testsuite>
