<?xml version="1.0" encoding="UTF-8"?>
<testsuite name="com.example.espoints.network.PacketBoundsTest" tests="5" skipped="0" failures="0" errors="0" timestamp="2026-08-28T10:27:55" hostname="cachyos-x8664" time="0.074">
  <properties/>
  <testcase name="rejectsOversizedCaptureListsBeforeAllocatingEntries()" classname="com.example.espoints.network.PacketBoundsTest" time="0.052"/>
  <testcase name="protocolFourteenTileRequestRetainsGoldenBytesAndBounds()" classname="com.example.espoints.network.PacketBoundsTest" time="0.001"/>
  <testcase name="rejectsForgedTileDescriptorDimensions()" classname="com.example.espoints.network.PacketBoundsTest" time="0.012"/>
  <testcase name="rejectsNonFiniteAndOutOfWorldCoordinates()" classname="com.example.espoints.network.PacketBoundsTest" time="0.003"/>
  <testcase name="configPacketCarriesTacticalMapDescriptor()" classname="com.example.espoints.network.PacketBoundsTest" time="0.002"/>
  <system-out><![CDATA[]]></system-out>
  <system-err><![CDATA[]]></system-err>
</testsuite>
