<?xml version="1.0" encoding="UTF-8"?>
<testsuite name="com.example.espoints.client.TacticalMarkRadialControllerTest" tests="3" skipped="0" failures="0" errors="0" timestamp="2026-08-28T10:27:55" hostname="cachyos-x8664" time="0.096">
  <properties/>
  <testcase name="builtMenuHasExactlyOneSlotPerSelectableTypeWithoutArtillery()" classname="com.example.espoints.client.TacticalMarkRadialControllerTest" time="0.094"/>
  <testcase name="everyMarkSlotClosesAfterAction()" classname="com.example.espoints.client.TacticalMarkRadialControllerTest" time="0.0"/>
  <testcase name="menuListsEverySelectableTypeOnceAndSkipsArtillery()" classname="com.example.espoints.client.TacticalMarkRadialControllerTest" time="0.0"/>
  <system-out><![CDATA[]]></system-out>
  <system-err><![CDATA[]]></system-err>
</testsuite>
