<?xml version="1.0" encoding="UTF-8"?>
<testsuite name="com.example.espoints.tile.TacticalMapStaticProjectionTest" tests="2" skipped="0" failures="0" errors="0" timestamp="2026-08-28T10:27:55" hostname="cachyos-x8664" time="0.002">
  <properties/>
  <testcase name="identicalFrameReusesProjectedPoints()" classname="com.example.espoints.tile.TacticalMapStaticProjectionTest" time="0.001"/>
  <testcase name="keyChangeRebuildsAndDropsStalePoints()" classname="com.example.espoints.tile.TacticalMapStaticProjectionTest" time="0.0"/>
  <system-out><![CDATA[]]></system-out>
  <system-err><![CDATA[]]></system-err>
</testsuite>
