<?xml version="1.0" encoding="UTF-8"?>
<testsuite name="com.example.espoints.tile.TacticalMapLodPlannerTest" tests="4" skipped="0" failures="0" errors="0" timestamp="2026-07-29T18:59:01" hostname="cachyos-x8664" time="0.012">
  <properties/>
  <testcase name="appliesQualityTargetsAfterStableViewAndNeverRefinesPastL0()" classname="com.example.espoints.tile.TacticalMapLodPlannerTest" time="0.007"/>
  <testcase name="ordersVisibleRequestsBeforeBasePrefetchAndDoesNotRepeatPendingTiles()" classname="com.example.espoints.tile.TacticalMapLodPlannerTest" time="0.002"/>
  <testcase name="textureBudgetCoarsensFull4kViewButAllowsLocalOriginalTiles()" classname="com.example.espoints.tile.TacticalMapLodPlannerTest" time="0.002"/>
  <testcase name="waits250MillisAndViewMovementRestartsStabilityWindow()" classname="com.example.espoints.tile.TacticalMapLodPlannerTest" time="0.0"/>
  <system-out><![CDATA[]]></system-out>
  <system-err><![CDATA[]]></system-err>
</testsuite>
