<?xml version="1.0" encoding="UTF-8"?>
<testsuite name="com.example.espoints.network.PacketBoundsTest" tests="3" skipped="0" failures="0" errors="0" timestamp="2026-07-29T18:59:01" hostname="cachyos-x8664" time="0.079">
  <properties/>
  <testcase name="rejectsOversizedCaptureListsBeforeAllocatingEntries()" classname="com.example.espoints.network.PacketBoundsTest" time="0.061"/>
  <testcase name="rejectsForgedTileDescriptorDimensions()" classname="com.example.espoints.network.PacketBoundsTest" time="0.013"/>
  <testcase name="rejectsNonFiniteAndOutOfWorldCoordinates()" classname="com.example.espoints.network.PacketBoundsTest" time="0.003"/>
  <system-out><![CDATA[]]></system-out>
  <system-err><![CDATA[]]></system-err>
</testsuite>
