<?xml version="1.0" encoding="UTF-8"?>
<testsuite name="com.example.espoints.client.ClientBattleStateLifecycleTest" tests="2" skipped="0" failures="0" errors="0" timestamp="2026-07-29T18:59:01" hostname="cachyos-x8664" time="0.339">
  <properties/>
  <testcase name="reusesStablePointObjectsWithoutConsultingIntegratedServerState()" classname="com.example.espoints.client.ClientBattleStateLifecycleTest" time="0.331"/>
  <testcase name="fiftyRoundActivateAndDoubleClearLeavesNoClientState()" classname="com.example.espoints.client.ClientBattleStateLifecycleTest" time="0.007"/>
  <system-out><![CDATA[2026-07-30 02:59:01,633 Test worker WARN Advanced terminal features are not available in this environment
]]></system-out>
  <system-err><![CDATA[]]></system-err>
</testsuite>
