<?xml version="1.0" encoding="UTF-8"?>
<testsuite name="com.example.espoints.tile.TacticalMapPyramidLayoutTest" tests="3" skipped="0" failures="0" errors="0" timestamp="2026-07-29T18:59:01" hostname="cachyos-x8664" time="0.002">
  <properties/>
  <testcase name="coversReferenceMapAtEveryLevelWithoutGaps()" classname="com.example.espoints.tile.TacticalMapPyramidLayoutTest" time="0.0"/>
  <testcase name="rejectsPixelBombsInvalidLevelsAndForgedRings()" classname="com.example.espoints.tile.TacticalMapPyramidLayoutTest" time="0.0"/>
  <testcase name="choosesLodAndAddsOnlyOnePrefetchRing()" classname="com.example.espoints.tile.TacticalMapPyramidLayoutTest" time="0.0"/>
  <system-out><![CDATA[]]></system-out>
  <system-err><![CDATA[]]></system-err>
</testsuite>
